<?xml version="1.0" encoding="UTF-8"?>
<testsuite xmlns:xsi="http://www.w3.org/2001/XMLSchema-instance" xsi:noNamespaceSchemaLocation="https://maven.apache.org/surefire/maven-surefire-plugin/xsd/surefire-test-report-3.0.xsd" version="3.0" name="net.clementlevallois.lemmatizerlightweight.tests.LemmatizerTest" time="0.052" tests="1" errors="0" skipped="0" failures="0">
  <properties>
    <property name="java.specification.version" value="23"/>
    <property name="sun.cpu.isalist" value="amd64"/>
    <property name="sun.jnu.encoding" value="Cp1252"/>
    <property name="java.class.path" value=""/>
    <property name="java.vm.vendor" value="Oracle Corporation"/>
    <property name="sun.arch.data.model" value="64"/>
    <property name="user.variant" value=""/>
    <property name="java.vendor.url" value="https://java.oracle.com/"/>
    <property name="user.timezone" value="Europe/Paris"/>
    <property name="os.name" value="Windows 10"/>
    <property name="java.vm.specification.version" value="23"/>
    <property name="sun.java.launcher" value="SUN_STANDARD"/>
    <property name="user.country" value="FR"/>
    <property name="sun.boot.library.path" value="C:\Users\clevallois.GOBELINS\OneDrive - EDUGIECCIP\Documents\NetBeansJDKs\graalvm-jdk-23+37.1\bin"/>
    <property name="sun.java.command" value="org.apache.maven.surefire.booter.ForkedBooter C:\Users\clevallois.GOBELINS\AppData\Local\Temp\surefire3504785565949461505 2025-03-13T11-30-35_143-jvmRun1 surefire-20250313113035247_1tmp surefire_0-20250313113035247_2tmp"/>
    <property name="jdk.debug" value="release"/>
    <property name="surefire.test.class.path" value=""/>
    <property name="sun.cpu.endian" value="little"/>
    <property name="user.home" value="C:\Users\clevallois.GOBELINS"/>
    <property name="user.language" value="fr"/>
    <property name="java.specification.vendor" value="Oracle Corporation"/>
    <property name="jdk.module.path" value="C:\Users\clevallois.GOBELINS\open\nocode-app-functions\umigon-lemmatizer-lightweight\target\test-classes;C:\Users\clevallois.GOBELINS\open\nocode-app-functions\umigon-lemmatizer-lightweight\target\classes;C:\Users\clevallois.GOBELINS\.m2\repository\junit\junit\4.13.2\junit-4.13.2.jar;C:\Users\clevallois.GOBELINS\.m2\repository\org\hamcrest\hamcrest-core\1.3\hamcrest-core-1.3.jar"/>
    <property name="java.version.date" value="2024-09-17"/>
    <property name="java.home" value="C:\Users\clevallois.GOBELINS\OneDrive - EDUGIECCIP\Documents\NetBeansJDKs\graalvm-jdk-23+37.1"/>
    <property name="file.separator" value="\"/>
    <property name="basedir" value="C:\Users\clevallois.GOBELINS\open\nocode-app-functions\umigon-lemmatizer-lightweight"/>
    <property name="java.vm.compressedOopsMode" value="Zero based"/>
    <property name="jdk.internal.vm.ci.enabled" value="true"/>
    <property name="line.separator" value="&#10;"/>
    <property name="java.vm.specification.vendor" value="Oracle Corporation"/>
    <property name="java.specification.name" value="Java Platform API Specification"/>
    <property name="surefire.real.class.path" value="C:\Users\clevallois.GOBELINS\.m2\repository\org\apache\maven\surefire\surefire-booter\3.2.5\surefire-booter-3.2.5.jar;C:\Users\clevallois.GOBELINS\.m2\repository\org\apache\maven\surefire\surefire-api\3.2.5\surefire-api-3.2.5.jar;C:\Users\clevallois.GOBELINS\.m2\repository\org\apache\maven\surefire\surefire-logger-api\3.2.5\surefire-logger-api-3.2.5.jar;C:\Users\clevallois.GOBELINS\.m2\repository\org\apache\maven\surefire\surefire-shared-utils\3.2.5\surefire-shared-utils-3.2.5.jar;C:\Users\clevallois.GOBELINS\.m2\repository\org\apache\maven\surefire\surefire-extensions-spi\3.2.5\surefire-extensions-spi-3.2.5.jar;C:\Users\clevallois.GOBELINS\.m2\repository\org\apache\maven\surefire\surefire-junit4\3.2.5\surefire-junit4-3.2.5.jar;C:\Users\clevallois.GOBELINS\.m2\repository\org\apache\maven\surefire\common-java5\3.2.5\common-java5-3.2.5.jar;C:\Users\clevallois.GOBELINS\.m2\repository\org\apache\maven\surefire\common-junit3\3.2.5\common-junit3-3.2.5.jar;C:\Users\clevallois.GOBELINS\.m2\repository\org\apache\maven\surefire\common-junit4\3.2.5\common-junit4-3.2.5.jar"/>
    <property name="user.script" value=""/>
    <property name="sun.management.compiler" value="HotSpot 64-Bit Tiered Compilers"/>
    <property name="java.runtime.version" value="23+37-jvmci-b01"/>
    <property name="user.name" value="clevallois"/>
    <property name="stdout.encoding" value="Cp1252"/>
    <property name="path.separator" value=";"/>
    <property name="os.version" value="10.0"/>
    <property name="java.runtime.name" value="Java(TM) SE Runtime Environment"/>
    <property name="file.encoding" value="UTF-8"/>
    <property name="java.vm.name" value="Java HotSpot(TM) 64-Bit Server VM"/>
    <property name="java.vendor.version" value="Oracle GraalVM 23+37.1"/>
    <property name="localRepository" value="C:\Users\clevallois.GOBELINS\.m2\repository"/>
    <property name="java.vendor.url.bug" value="https://bugreport.java.com/bugreport/"/>
    <property name="java.io.tmpdir" value="C:\Users\CLEVAL~1.GOB\AppData\Local\Temp\"/>
    <property name="java.version" value="23"/>
    <property name="user.dir" value="C:\Users\clevallois.GOBELINS\open\nocode-app-functions\umigon-lemmatizer-lightweight"/>
    <property name="os.arch" value="amd64"/>
    <property name="java.vm.specification.name" value="Java Virtual Machine Specification"/>
    <property name="sun.os.patch.level" value=""/>
    <property name="native.encoding" value="Cp1252"/>
    <property name="java.library.path" value="C:\Users\clevallois.GOBELINS\OneDrive - EDUGIECCIP\Documents\NetBeansJDKs\graalvm-jdk-23+37.1\bin;C:\windows\Sun\Java\bin;C:\windows\system32;C:\windows;C:\Users\clevallois.GOBELINS\bin;C:\Program Files\Git\mingw64\bin;C:\Program Files\Git\usr\local\bin;C:\Program Files\Git\usr\bin;C:\Program Files\Git\usr\bin;C:\Program Files\Git\mingw64\bin;C:\Program Files\Git\usr\bin;C:\Users\clevallois.GOBELINS\bin;C:\Program Files\Eclipse Adoptium\jdk-21.0.4.7-hotspot\bin;C:\windows\system32;C:\windows;C:\windows\System32\Wbem;C:\windows\System32\WindowsPowerShell\v1.0;C:\windows\System32\OpenSSH;C:\Program Files (x86)\wapt;C:\Program Files (x86)\NVIDIA Corporation\PhysX\Common;C:\Program Files\NVIDIA Corporation\NVIDIA NvDLISR;C:\Program Files\PuTTY;C:\Program Files (x86)\PDFtk\bin;C:\Program Files\GitHub CLI;C:\Program Files\Git\cmd;C:\Users\clevallois.GOBELINS\OneDrive - EDUGIECCIP\Documents\maven-mvnd-1.0.2-windows-amd64\bin;C:\Users\clevallois.GOBELINS\OneDrive - EDUGIECCIP\Documents\apache-maven-3.9.9\bin;C:\Program Files\Memurai;C:\Users\clevallois.GOBELINS\OneDrive - EDUGIECCIP\Documents\apache-maven-3.9.9\bin;C:\Users\clevallois.GOBELINS\AppData\Local\Programs\Python\Python313\Scripts;C:\Users\clevallois.GOBELINS\AppData\Local\Programs\Python\Python313;C:\Users\clevallois.GOBELINS\AppData\Local\Microsoft\WindowsApps;C:\Program Files\Git\usr\bin\vendor_perl;C:\Program Files\Git\usr\bin\core_perl;."/>
    <property name="java.vm.info" value="mixed mode, sharing"/>
    <property name="stderr.encoding" value="Cp1252"/>
    <property name="java.vendor" value="Oracle Corporation"/>
    <property name="java.vm.version" value="23+37-jvmci-b01"/>
    <property name="sun.io.unicode.encoding" value="UnicodeLittle"/>
    <property name="java.class.version" value="67.0"/>
  </properties>
  <testcase name="testBritishAmericanMerger" classname="net.clementlevallois.lemmatizerlightweight.tests.LemmatizerTest" time="0.016"/>
</testsuite>